<?xml version="1.0" encoding="UTF-8"?>
<testsuites>
	<testsuite tests="1" errors="0" failures="0" time="0.002" timestamp="2016-12-06T11:08:33">
		<testcase classname="#addElementToArray" name="should return an array of Christmas movies" time="0.001">
		</testcase>
	</testsuite>
</testsuites>

