<?xml version="1.0" encoding="UTF-8"?>
<testsuites>
	<testsuite tests="1" errors="0" failures="0" time="0.008" timestamp="2016-12-06T11:08:33">
		<testcase classname="#createArray" name="should return an array of strings" time="0.006">
		</testcase>
	</testsuite>
</testsuites>

