<?xml version="1.0" encoding="UTF-8"?>
<testsuites>
	<testsuite tests="1" errors="0" failures="0" time="0.001" timestamp="2016-12-06T11:08:33">
		<testcase classname="#removeElementFromArray" name="should remove the third and fourth item from the array and add &amp;apos;Roast Chicken&amp;apos;" time="0">
		</testcase>
	</testsuite>
</testsuites>

